  Collision_manager.cpp
C:\Users\Alumno\Downloads\2244-3-0-VILAR_CARRETERO_ARTURO_6c535ddb-0524-41c7-af23-840f63f2a1d4\c++ animation examples\2D\Ball-bounce-animation-Cplus\code\Collision_manager.cpp(9,12): error C2248: 'Geometry::position': no se puede obtener acceso al miembro protected miembro declarado en la clase 'Geometry'
C:\Users\Alumno\Downloads\2244-3-0-VILAR_CARRETERO_ARTURO_6c535ddb-0524-41c7-af23-840f63f2a1d4\c++ animation examples\2D\Ball-bounce-animation-Cplus\code\Geometry.hpp(17): message : vea la declaración de 'Geometry::position'
C:\Users\Alumno\Downloads\2244-3-0-VILAR_CARRETERO_ARTURO_6c535ddb-0524-41c7-af23-840f63f2a1d4\c++ animation examples\2D\Ball-bounce-animation-Cplus\code\Geometry.hpp(12): message : vea la declaración de 'Geometry'
C:\Users\Alumno\Downloads\2244-3-0-VILAR_CARRETERO_ARTURO_6c535ddb-0524-41c7-af23-840f63f2a1d4\c++ animation examples\2D\Ball-bounce-animation-Cplus\code\Collision_manager.cpp(9,54): error C2248: 'Geometry::position': no se puede obtener acceso al miembro protected miembro declarado en la clase 'Geometry'
C:\Users\Alumno\Downloads\2244-3-0-VILAR_CARRETERO_ARTURO_6c535ddb-0524-41c7-af23-840f63f2a1d4\c++ animation examples\2D\Ball-bounce-animation-Cplus\code\Geometry.hpp(17): message : vea la declaración de 'Geometry::position'
C:\Users\Alumno\Downloads\2244-3-0-VILAR_CARRETERO_ARTURO_6c535ddb-0524-41c7-af23-840f63f2a1d4\c++ animation examples\2D\Ball-bounce-animation-Cplus\code\Geometry.hpp(12): message : vea la declaración de 'Geometry'
C:\Users\Alumno\Downloads\2244-3-0-VILAR_CARRETERO_ARTURO_6c535ddb-0524-41c7-af23-840f63f2a1d4\c++ animation examples\2D\Ball-bounce-animation-Cplus\code\Collision_manager.cpp(11,9): error C2248: 'Geometry::speed': no se puede obtener acceso al miembro protected miembro declarado en la clase 'Geometry'
C:\Users\Alumno\Downloads\2244-3-0-VILAR_CARRETERO_ARTURO_6c535ddb-0524-41c7-af23-840f63f2a1d4\c++ animation examples\2D\Ball-bounce-animation-Cplus\code\Geometry.hpp(18): message : vea la declaración de 'Geometry::speed'
C:\Users\Alumno\Downloads\2244-3-0-VILAR_CARRETERO_ARTURO_6c535ddb-0524-41c7-af23-840f63f2a1d4\c++ animation examples\2D\Ball-bounce-animation-Cplus\code\Geometry.hpp(12): message : vea la declaración de 'Geometry'
C:\Users\Alumno\Downloads\2244-3-0-VILAR_CARRETERO_ARTURO_6c535ddb-0524-41c7-af23-840f63f2a1d4\c++ animation examples\2D\Ball-bounce-animation-Cplus\code\Collision_manager.cpp(11,27): error C2248: 'Geometry::speed': no se puede obtener acceso al miembro protected miembro declarado en la clase 'Geometry'
C:\Users\Alumno\Downloads\2244-3-0-VILAR_CARRETERO_ARTURO_6c535ddb-0524-41c7-af23-840f63f2a1d4\c++ animation examples\2D\Ball-bounce-animation-Cplus\code\Geometry.hpp(18): message : vea la declaración de 'Geometry::speed'
C:\Users\Alumno\Downloads\2244-3-0-VILAR_CARRETERO_ARTURO_6c535ddb-0524-41c7-af23-840f63f2a1d4\c++ animation examples\2D\Ball-bounce-animation-Cplus\code\Geometry.hpp(12): message : vea la declaración de 'Geometry'
C:\Users\Alumno\Downloads\2244-3-0-VILAR_CARRETERO_ARTURO_6c535ddb-0524-41c7-af23-840f63f2a1d4\c++ animation examples\2D\Ball-bounce-animation-Cplus\code\Collision_manager.cpp(12,9): error C2248: 'Geometry::position': no se puede obtener acceso al miembro protected miembro declarado en la clase 'Geometry'
C:\Users\Alumno\Downloads\2244-3-0-VILAR_CARRETERO_ARTURO_6c535ddb-0524-41c7-af23-840f63f2a1d4\c++ animation examples\2D\Ball-bounce-animation-Cplus\code\Geometry.hpp(17): message : vea la declaración de 'Geometry::position'
C:\Users\Alumno\Downloads\2244-3-0-VILAR_CARRETERO_ARTURO_6c535ddb-0524-41c7-af23-840f63f2a1d4\c++ animation examples\2D\Ball-bounce-animation-Cplus\code\Geometry.hpp(12): message : vea la declaración de 'Geometry'
C:\Users\Alumno\Downloads\2244-3-0-VILAR_CARRETERO_ARTURO_6c535ddb-0524-41c7-af23-840f63f2a1d4\c++ animation examples\2D\Ball-bounce-animation-Cplus\code\Collision_manager.cpp(12,35): error C2248: 'Geometry::position': no se puede obtener acceso al miembro protected miembro declarado en la clase 'Geometry'
C:\Users\Alumno\Downloads\2244-3-0-VILAR_CARRETERO_ARTURO_6c535ddb-0524-41c7-af23-840f63f2a1d4\c++ animation examples\2D\Ball-bounce-animation-Cplus\code\Geometry.hpp(17): message : vea la declaración de 'Geometry::position'
C:\Users\Alumno\Downloads\2244-3-0-VILAR_CARRETERO_ARTURO_6c535ddb-0524-41c7-af23-840f63f2a1d4\c++ animation examples\2D\Ball-bounce-animation-Cplus\code\Geometry.hpp(12): message : vea la declaración de 'Geometry'
C:\Users\Alumno\Downloads\2244-3-0-VILAR_CARRETERO_ARTURO_6c535ddb-0524-41c7-af23-840f63f2a1d4\c++ animation examples\2D\Ball-bounce-animation-Cplus\code\Collision_manager.cpp(13,33): warning C4244: '=': conversión de 'double' a 'float'; posible pérdida de datos
C:\Users\Alumno\Downloads\2244-3-0-VILAR_CARRETERO_ARTURO_6c535ddb-0524-41c7-af23-840f63f2a1d4\c++ animation examples\2D\Ball-bounce-animation-Cplus\code\Collision_manager.cpp(16,12): error C2248: 'Geometry::position': no se puede obtener acceso al miembro protected miembro declarado en la clase 'Geometry'
C:\Users\Alumno\Downloads\2244-3-0-VILAR_CARRETERO_ARTURO_6c535ddb-0524-41c7-af23-840f63f2a1d4\c++ animation examples\2D\Ball-bounce-animation-Cplus\code\Geometry.hpp(17): message : vea la declaración de 'Geometry::position'
C:\Users\Alumno\Downloads\2244-3-0-VILAR_CARRETERO_ARTURO_6c535ddb-0524-41c7-af23-840f63f2a1d4\c++ animation examples\2D\Ball-bounce-animation-Cplus\code\Geometry.hpp(12): message : vea la declaración de 'Geometry'
C:\Users\Alumno\Downloads\2244-3-0-VILAR_CARRETERO_ARTURO_6c535ddb-0524-41c7-af23-840f63f2a1d4\c++ animation examples\2D\Ball-bounce-animation-Cplus\code\Collision_manager.cpp(16,54): error C2248: 'Geometry::position': no se puede obtener acceso al miembro protected miembro declarado en la clase 'Geometry'
C:\Users\Alumno\Downloads\2244-3-0-VILAR_CARRETERO_ARTURO_6c535ddb-0524-41c7-af23-840f63f2a1d4\c++ animation examples\2D\Ball-bounce-animation-Cplus\code\Geometry.hpp(17): message : vea la declaración de 'Geometry::position'
C:\Users\Alumno\Downloads\2244-3-0-VILAR_CARRETERO_ARTURO_6c535ddb-0524-41c7-af23-840f63f2a1d4\c++ animation examples\2D\Ball-bounce-animation-Cplus\code\Geometry.hpp(12): message : vea la declaración de 'Geometry'
C:\Users\Alumno\Downloads\2244-3-0-VILAR_CARRETERO_ARTURO_6c535ddb-0524-41c7-af23-840f63f2a1d4\c++ animation examples\2D\Ball-bounce-animation-Cplus\code\Collision_manager.cpp(18,9): error C2248: 'Geometry::speed': no se puede obtener acceso al miembro protected miembro declarado en la clase 'Geometry'
C:\Users\Alumno\Downloads\2244-3-0-VILAR_CARRETERO_ARTURO_6c535ddb-0524-41c7-af23-840f63f2a1d4\c++ animation examples\2D\Ball-bounce-animation-Cplus\code\Geometry.hpp(18): message : vea la declaración de 'Geometry::speed'
C:\Users\Alumno\Downloads\2244-3-0-VILAR_CARRETERO_ARTURO_6c535ddb-0524-41c7-af23-840f63f2a1d4\c++ animation examples\2D\Ball-bounce-animation-Cplus\code\Geometry.hpp(12): message : vea la declaración de 'Geometry'
C:\Users\Alumno\Downloads\2244-3-0-VILAR_CARRETERO_ARTURO_6c535ddb-0524-41c7-af23-840f63f2a1d4\c++ animation examples\2D\Ball-bounce-animation-Cplus\code\Collision_manager.cpp(18,27): error C2248: 'Geometry::speed': no se puede obtener acceso al miembro protected miembro declarado en la clase 'Geometry'
C:\Users\Alumno\Downloads\2244-3-0-VILAR_CARRETERO_ARTURO_6c535ddb-0524-41c7-af23-840f63f2a1d4\c++ animation examples\2D\Ball-bounce-animation-Cplus\code\Geometry.hpp(18): message : vea la declaración de 'Geometry::speed'
C:\Users\Alumno\Downloads\2244-3-0-VILAR_CARRETERO_ARTURO_6c535ddb-0524-41c7-af23-840f63f2a1d4\c++ animation examples\2D\Ball-bounce-animation-Cplus\code\Geometry.hpp(12): message : vea la declaración de 'Geometry'
C:\Users\Alumno\Downloads\2244-3-0-VILAR_CARRETERO_ARTURO_6c535ddb-0524-41c7-af23-840f63f2a1d4\c++ animation examples\2D\Ball-bounce-animation-Cplus\code\Collision_manager.cpp(19,9): error C2248: 'Geometry::position': no se puede obtener acceso al miembro protected miembro declarado en la clase 'Geometry'
C:\Users\Alumno\Downloads\2244-3-0-VILAR_CARRETERO_ARTURO_6c535ddb-0524-41c7-af23-840f63f2a1d4\c++ animation examples\2D\Ball-bounce-animation-Cplus\code\Geometry.hpp(17): message : vea la declaración de 'Geometry::position'
C:\Users\Alumno\Downloads\2244-3-0-VILAR_CARRETERO_ARTURO_6c535ddb-0524-41c7-af23-840f63f2a1d4\c++ animation examples\2D\Ball-bounce-animation-Cplus\code\Geometry.hpp(12): message : vea la declaración de 'Geometry'
C:\Users\Alumno\Downloads\2244-3-0-VILAR_CARRETERO_ARTURO_6c535ddb-0524-41c7-af23-840f63f2a1d4\c++ animation examples\2D\Ball-bounce-animation-Cplus\code\Collision_manager.cpp(19,35): error C2248: 'Geometry::position': no se puede obtener acceso al miembro protected miembro declarado en la clase 'Geometry'
C:\Users\Alumno\Downloads\2244-3-0-VILAR_CARRETERO_ARTURO_6c535ddb-0524-41c7-af23-840f63f2a1d4\c++ animation examples\2D\Ball-bounce-animation-Cplus\code\Geometry.hpp(17): message : vea la declaración de 'Geometry::position'
C:\Users\Alumno\Downloads\2244-3-0-VILAR_CARRETERO_ARTURO_6c535ddb-0524-41c7-af23-840f63f2a1d4\c++ animation examples\2D\Ball-bounce-animation-Cplus\code\Geometry.hpp(12): message : vea la declaración de 'Geometry'
C:\Users\Alumno\Downloads\2244-3-0-VILAR_CARRETERO_ARTURO_6c535ddb-0524-41c7-af23-840f63f2a1d4\c++ animation examples\2D\Ball-bounce-animation-Cplus\code\Collision_manager.cpp(20,33): warning C4244: '=': conversión de 'double' a 'float'; posible pérdida de datos
C:\Users\Alumno\Downloads\2244-3-0-VILAR_CARRETERO_ARTURO_6c535ddb-0524-41c7-af23-840f63f2a1d4\c++ animation examples\2D\Ball-bounce-animation-Cplus\code\Collision_manager.cpp(23,12): error C2248: 'Geometry::position': no se puede obtener acceso al miembro protected miembro declarado en la clase 'Geometry'
C:\Users\Alumno\Downloads\2244-3-0-VILAR_CARRETERO_ARTURO_6c535ddb-0524-41c7-af23-840f63f2a1d4\c++ animation examples\2D\Ball-bounce-animation-Cplus\code\Geometry.hpp(17): message : vea la declaración de 'Geometry::position'
C:\Users\Alumno\Downloads\2244-3-0-VILAR_CARRETERO_ARTURO_6c535ddb-0524-41c7-af23-840f63f2a1d4\c++ animation examples\2D\Ball-bounce-animation-Cplus\code\Geometry.hpp(12): message : vea la declaración de 'Geometry'
C:\Users\Alumno\Downloads\2244-3-0-VILAR_CARRETERO_ARTURO_6c535ddb-0524-41c7-af23-840f63f2a1d4\c++ animation examples\2D\Ball-bounce-animation-Cplus\code\Collision_manager.cpp(23,53): error C2248: 'Geometry::position': no se puede obtener acceso al miembro protected miembro declarado en la clase 'Geometry'
C:\Users\Alumno\Downloads\2244-3-0-VILAR_CARRETERO_ARTURO_6c535ddb-0524-41c7-af23-840f63f2a1d4\c++ animation examples\2D\Ball-bounce-animation-Cplus\code\Geometry.hpp(17): message : vea la declaración de 'Geometry::position'
C:\Users\Alumno\Downloads\2244-3-0-VILAR_CARRETERO_ARTURO_6c535ddb-0524-41c7-af23-840f63f2a1d4\c++ animation examples\2D\Ball-bounce-animation-Cplus\code\Geometry.hpp(12): message : vea la declaración de 'Geometry'
C:\Users\Alumno\Downloads\2244-3-0-VILAR_CARRETERO_ARTURO_6c535ddb-0524-41c7-af23-840f63f2a1d4\c++ animation examples\2D\Ball-bounce-animation-Cplus\code\Collision_manager.cpp(25,9): error C2248: 'Geometry::speed': no se puede obtener acceso al miembro protected miembro declarado en la clase 'Geometry'
C:\Users\Alumno\Downloads\2244-3-0-VILAR_CARRETERO_ARTURO_6c535ddb-0524-41c7-af23-840f63f2a1d4\c++ animation examples\2D\Ball-bounce-animation-Cplus\code\Geometry.hpp(18): message : vea la declaración de 'Geometry::speed'
C:\Users\Alumno\Downloads\2244-3-0-VILAR_CARRETERO_ARTURO_6c535ddb-0524-41c7-af23-840f63f2a1d4\c++ animation examples\2D\Ball-bounce-animation-Cplus\code\Geometry.hpp(12): message : vea la declaración de 'Geometry'
C:\Users\Alumno\Downloads\2244-3-0-VILAR_CARRETERO_ARTURO_6c535ddb-0524-41c7-af23-840f63f2a1d4\c++ animation examples\2D\Ball-bounce-animation-Cplus\code\Collision_manager.cpp(25,27): error C2248: 'Geometry::speed': no se puede obtener acceso al miembro protected miembro declarado en la clase 'Geometry'
C:\Users\Alumno\Downloads\2244-3-0-VILAR_CARRETERO_ARTURO_6c535ddb-0524-41c7-af23-840f63f2a1d4\c++ animation examples\2D\Ball-bounce-animation-Cplus\code\Geometry.hpp(18): message : vea la declaración de 'Geometry::speed'
C:\Users\Alumno\Downloads\2244-3-0-VILAR_CARRETERO_ARTURO_6c535ddb-0524-41c7-af23-840f63f2a1d4\c++ animation examples\2D\Ball-bounce-animation-Cplus\code\Geometry.hpp(12): message : vea la declaración de 'Geometry'
C:\Users\Alumno\Downloads\2244-3-0-VILAR_CARRETERO_ARTURO_6c535ddb-0524-41c7-af23-840f63f2a1d4\c++ animation examples\2D\Ball-bounce-animation-Cplus\code\Collision_manager.cpp(26,9): error C2248: 'Geometry::position': no se puede obtener acceso al miembro protected miembro declarado en la clase 'Geometry'
C:\Users\Alumno\Downloads\2244-3-0-VILAR_CARRETERO_ARTURO_6c535ddb-0524-41c7-af23-840f63f2a1d4\c++ animation examples\2D\Ball-bounce-animation-Cplus\code\Geometry.hpp(17): message : vea la declaración de 'Geometry::position'
C:\Users\Alumno\Downloads\2244-3-0-VILAR_CARRETERO_ARTURO_6c535ddb-0524-41c7-af23-840f63f2a1d4\c++ animation examples\2D\Ball-bounce-animation-Cplus\code\Geometry.hpp(12): message : vea la declaración de 'Geometry'
C:\Users\Alumno\Downloads\2244-3-0-VILAR_CARRETERO_ARTURO_6c535ddb-0524-41c7-af23-840f63f2a1d4\c++ animation examples\2D\Ball-bounce-animation-Cplus\code\Collision_manager.cpp(26,34): error C2248: 'Geometry::position': no se puede obtener acceso al miembro protected miembro declarado en la clase 'Geometry'
C:\Users\Alumno\Downloads\2244-3-0-VILAR_CARRETERO_ARTURO_6c535ddb-0524-41c7-af23-840f63f2a1d4\c++ animation examples\2D\Ball-bounce-animation-Cplus\code\Geometry.hpp(17): message : vea la declaración de 'Geometry::position'
C:\Users\Alumno\Downloads\2244-3-0-VILAR_CARRETERO_ARTURO_6c535ddb-0524-41c7-af23-840f63f2a1d4\c++ animation examples\2D\Ball-bounce-animation-Cplus\code\Geometry.hpp(12): message : vea la declaración de 'Geometry'
C:\Users\Alumno\Downloads\2244-3-0-VILAR_CARRETERO_ARTURO_6c535ddb-0524-41c7-af23-840f63f2a1d4\c++ animation examples\2D\Ball-bounce-animation-Cplus\code\Collision_manager.cpp(27,33): warning C4244: '=': conversión de 'double' a 'float'; posible pérdida de datos
C:\Users\Alumno\Downloads\2244-3-0-VILAR_CARRETERO_ARTURO_6c535ddb-0524-41c7-af23-840f63f2a1d4\c++ animation examples\2D\Ball-bounce-animation-Cplus\code\Collision_manager.cpp(33,13): error C2248: 'Geometry::position': no se puede obtener acceso al miembro protected miembro declarado en la clase 'Geometry'
C:\Users\Alumno\Downloads\2244-3-0-VILAR_CARRETERO_ARTURO_6c535ddb-0524-41c7-af23-840f63f2a1d4\c++ animation examples\2D\Ball-bounce-animation-Cplus\code\Geometry.hpp(17): message : vea la declaración de 'Geometry::position'
C:\Users\Alumno\Downloads\2244-3-0-VILAR_CARRETERO_ARTURO_6c535ddb-0524-41c7-af23-840f63f2a1d4\c++ animation examples\2D\Ball-bounce-animation-Cplus\code\Geometry.hpp(12): message : vea la declaración de 'Geometry'
C:\Users\Alumno\Downloads\2244-3-0-VILAR_CARRETERO_ARTURO_6c535ddb-0524-41c7-af23-840f63f2a1d4\c++ animation examples\2D\Ball-bounce-animation-Cplus\code\Collision_manager.cpp(33,51): error C2248: 'Geometry::position': no se puede obtener acceso al miembro protected miembro declarado en la clase 'Geometry'
C:\Users\Alumno\Downloads\2244-3-0-VILAR_CARRETERO_ARTURO_6c535ddb-0524-41c7-af23-840f63f2a1d4\c++ animation examples\2D\Ball-bounce-animation-Cplus\code\Geometry.hpp(17): message : vea la declaración de 'Geometry::position'
C:\Users\Alumno\Downloads\2244-3-0-VILAR_CARRETERO_ARTURO_6c535ddb-0524-41c7-af23-840f63f2a1d4\c++ animation examples\2D\Ball-bounce-animation-Cplus\code\Geometry.hpp(12): message : vea la declaración de 'Geometry'
C:\Users\Alumno\Downloads\2244-3-0-VILAR_CARRETERO_ARTURO_6c535ddb-0524-41c7-af23-840f63f2a1d4\c++ animation examples\2D\Ball-bounce-animation-Cplus\code\Collision_manager.cpp(35,10): error C2248: 'Geometry::speed': no se puede obtener acceso al miembro protected miembro declarado en la clase 'Geometry'
C:\Users\Alumno\Downloads\2244-3-0-VILAR_CARRETERO_ARTURO_6c535ddb-0524-41c7-af23-840f63f2a1d4\c++ animation examples\2D\Ball-bounce-animation-Cplus\code\Geometry.hpp(18): message : vea la declaración de 'Geometry::speed'
C:\Users\Alumno\Downloads\2244-3-0-VILAR_CARRETERO_ARTURO_6c535ddb-0524-41c7-af23-840f63f2a1d4\c++ animation examples\2D\Ball-bounce-animation-Cplus\code\Geometry.hpp(12): message : vea la declaración de 'Geometry'
C:\Users\Alumno\Downloads\2244-3-0-VILAR_CARRETERO_ARTURO_6c535ddb-0524-41c7-af23-840f63f2a1d4\c++ animation examples\2D\Ball-bounce-animation-Cplus\code\Collision_manager.cpp(35,29): error C2248: 'Geometry::speed': no se puede obtener acceso al miembro protected miembro declarado en la clase 'Geometry'
C:\Users\Alumno\Downloads\2244-3-0-VILAR_CARRETERO_ARTURO_6c535ddb-0524-41c7-af23-840f63f2a1d4\c++ animation examples\2D\Ball-bounce-animation-Cplus\code\Geometry.hpp(18): message : vea la declaración de 'Geometry::speed'
C:\Users\Alumno\Downloads\2244-3-0-VILAR_CARRETERO_ARTURO_6c535ddb-0524-41c7-af23-840f63f2a1d4\c++ animation examples\2D\Ball-bounce-animation-Cplus\code\Geometry.hpp(12): message : vea la declaración de 'Geometry'
C:\Users\Alumno\Downloads\2244-3-0-VILAR_CARRETERO_ARTURO_6c535ddb-0524-41c7-af23-840f63f2a1d4\c++ animation examples\2D\Ball-bounce-animation-Cplus\code\Collision_manager.cpp(36,10): error C2248: 'Geometry::speed': no se puede obtener acceso al miembro protected miembro declarado en la clase 'Geometry'
C:\Users\Alumno\Downloads\2244-3-0-VILAR_CARRETERO_ARTURO_6c535ddb-0524-41c7-af23-840f63f2a1d4\c++ animation examples\2D\Ball-bounce-animation-Cplus\code\Geometry.hpp(18): message : vea la declaración de 'Geometry::speed'
C:\Users\Alumno\Downloads\2244-3-0-VILAR_CARRETERO_ARTURO_6c535ddb-0524-41c7-af23-840f63f2a1d4\c++ animation examples\2D\Ball-bounce-animation-Cplus\code\Geometry.hpp(12): message : vea la declaración de 'Geometry'
C:\Users\Alumno\Downloads\2244-3-0-VILAR_CARRETERO_ARTURO_6c535ddb-0524-41c7-af23-840f63f2a1d4\c++ animation examples\2D\Ball-bounce-animation-Cplus\code\Collision_manager.cpp(36,29): error C2248: 'Geometry::speed': no se puede obtener acceso al miembro protected miembro declarado en la clase 'Geometry'
C:\Users\Alumno\Downloads\2244-3-0-VILAR_CARRETERO_ARTURO_6c535ddb-0524-41c7-af23-840f63f2a1d4\c++ animation examples\2D\Ball-bounce-animation-Cplus\code\Geometry.hpp(18): message : vea la declaración de 'Geometry::speed'
C:\Users\Alumno\Downloads\2244-3-0-VILAR_CARRETERO_ARTURO_6c535ddb-0524-41c7-af23-840f63f2a1d4\c++ animation examples\2D\Ball-bounce-animation-Cplus\code\Geometry.hpp(12): message : vea la declaración de 'Geometry'
C:\Users\Alumno\Downloads\2244-3-0-VILAR_CARRETERO_ARTURO_6c535ddb-0524-41c7-af23-840f63f2a1d4\c++ animation examples\2D\Ball-bounce-animation-Cplus\code\Collision_manager.cpp(38,10): error C2248: 'Geometry::position': no se puede obtener acceso al miembro protected miembro declarado en la clase 'Geometry'
C:\Users\Alumno\Downloads\2244-3-0-VILAR_CARRETERO_ARTURO_6c535ddb-0524-41c7-af23-840f63f2a1d4\c++ animation examples\2D\Ball-bounce-animation-Cplus\code\Geometry.hpp(17): message : vea la declaración de 'Geometry::position'
C:\Users\Alumno\Downloads\2244-3-0-VILAR_CARRETERO_ARTURO_6c535ddb-0524-41c7-af23-840f63f2a1d4\c++ animation examples\2D\Ball-bounce-animation-Cplus\code\Geometry.hpp(12): message : vea la declaración de 'Geometry'
C:\Users\Alumno\Downloads\2244-3-0-VILAR_CARRETERO_ARTURO_6c535ddb-0524-41c7-af23-840f63f2a1d4\c++ animation examples\2D\Ball-bounce-animation-Cplus\code\Collision_manager.cpp(38,32): error C2248: 'Geometry::position': no se puede obtener acceso al miembro protected miembro declarado en la clase 'Geometry'
C:\Users\Alumno\Downloads\2244-3-0-VILAR_CARRETERO_ARTURO_6c535ddb-0524-41c7-af23-840f63f2a1d4\c++ animation examples\2D\Ball-bounce-animation-Cplus\code\Geometry.hpp(17): message : vea la declaración de 'Geometry::position'
C:\Users\Alumno\Downloads\2244-3-0-VILAR_CARRETERO_ARTURO_6c535ddb-0524-41c7-af23-840f63f2a1d4\c++ animation examples\2D\Ball-bounce-animation-Cplus\code\Geometry.hpp(12): message : vea la declaración de 'Geometry'
C:\Users\Alumno\Downloads\2244-3-0-VILAR_CARRETERO_ARTURO_6c535ddb-0524-41c7-af23-840f63f2a1d4\c++ animation examples\2D\Ball-bounce-animation-Cplus\code\Collision_manager.cpp(39,10): error C2248: 'Geometry::position': no se puede obtener acceso al miembro protected miembro declarado en la clase 'Geometry'
C:\Users\Alumno\Downloads\2244-3-0-VILAR_CARRETERO_ARTURO_6c535ddb-0524-41c7-af23-840f63f2a1d4\c++ animation examples\2D\Ball-bounce-animation-Cplus\code\Geometry.hpp(17): message : vea la declaración de 'Geometry::position'
C:\Users\Alumno\Downloads\2244-3-0-VILAR_CARRETERO_ARTURO_6c535ddb-0524-41c7-af23-840f63f2a1d4\c++ animation examples\2D\Ball-bounce-animation-Cplus\code\Geometry.hpp(12): message : vea la declaración de 'Geometry'
C:\Users\Alumno\Downloads\2244-3-0-VILAR_CARRETERO_ARTURO_6c535ddb-0524-41c7-af23-840f63f2a1d4\c++ animation examples\2D\Ball-bounce-animation-Cplus\code\Collision_manager.cpp(39,32): error C2248: 'Geometry::position': no se puede obtener acceso al miembro protected miembro declarado en la clase 'Geometry'
C:\Users\Alumno\Downloads\2244-3-0-VILAR_CARRETERO_ARTURO_6c535ddb-0524-41c7-af23-840f63f2a1d4\c++ animation examples\2D\Ball-bounce-animation-Cplus\code\Geometry.hpp(17): message : vea la declaración de 'Geometry::position'
C:\Users\Alumno\Downloads\2244-3-0-VILAR_CARRETERO_ARTURO_6c535ddb-0524-41c7-af23-840f63f2a1d4\c++ animation examples\2D\Ball-bounce-animation-Cplus\code\Geometry.hpp(12): message : vea la declaración de 'Geometry'
  main.cpp
  Generando código...
